2013-03-10 19:29:28,026 [main] INFO  c.n.h.c.p.n.NettyAsyncHttpProvider - Number of application's worked threads is 2
2013-03-10 19:29:28,689 [pool-4-thread-1] INFO  c.n.h.c.p.n.NettyAsyncHttpProvider - Number of application's worked threads is 2
2013-03-10 19:29:28,887 [main] ERROR o.e.r.i.r.repo.ModelRepositoryIndex - Failed to open search index.
org.apache.lucene.index.IndexNotFoundException: no segments* file found in org.apache.lucene.store.NIOFSDirectory@/home/thiago/ufal/Projeto-de-programacao-3/branches/main/.metadata/.plugins/org.eclipse.recommenders.rcp/index lockFactory=org.apache.lucene.store.NativeFSLockFactory@15e3243: files: []
	at org.apache.lucene.index.SegmentInfos$FindSegmentsFile.run(SegmentInfos.java:712) ~[org.apache.lucene.core_3.5.0.v20120319-2345.jar:3.5.0 1204988 - simon - 2011-11-22 14:46:51]
	at org.apache.lucene.index.DirectoryReader.open(DirectoryReader.java:75) ~[org.apache.lucene.core_3.5.0.v20120319-2345.jar:3.5.0 1204988 - simon - 2011-11-22 14:46:51]
	at org.apache.lucene.index.IndexReader.open(IndexReader.java:462) ~[org.apache.lucene.core_3.5.0.v20120319-2345.jar:3.5.0 1204988 - simon - 2011-11-22 14:46:51]
	at org.apache.lucene.index.IndexReader.open(IndexReader.java:308) ~[org.apache.lucene.core_3.5.0.v20120319-2345.jar:3.5.0 1204988 - simon - 2011-11-22 14:46:51]
	at org.eclipse.recommenders.internal.rcp.repo.ModelRepositoryIndex.open(ModelRepositoryIndex.java:64) ~[org.eclipse.recommenders.rcp_1.0.0.v20120914-1432-b175.jar:na]
	at org.eclipse.recommenders.internal.rcp.wiring.RecommendersModule$ServicesInitializer.<init>(RecommendersModule.java:365) [org.eclipse.recommenders.rcp_1.0.0.v20120914-1432-b175.jar:na]
	at sun.reflect.NativeConstructorAccessorImpl.newInstance0(Native Method) [na:1.7.0_09]
	at sun.reflect.NativeConstructorAccessorImpl.newInstance(NativeConstructorAccessorImpl.java:57) [na:1.7.0_09]
	at sun.reflect.DelegatingConstructorAccessorImpl.newInstance(DelegatingConstructorAccessorImpl.java:45) [na:1.7.0_09]
	at java.lang.reflect.Constructor.newInstance(Constructor.java:525) [na:1.7.0_09]
	at com.google.inject.internal.DefaultConstructionProxyFactory$1.newInstance(DefaultConstructionProxyFactory.java:85) [com.google.inject_3.0.0.v201203062045.jar:na]
	at com.google.inject.internal.ConstructorInjector.construct(ConstructorInjector.java:85) [com.google.inject_3.0.0.v201203062045.jar:na]
	at com.google.inject.internal.ConstructorBindingImpl$Factory.get(ConstructorBindingImpl.java:254) [com.google.inject_3.0.0.v201203062045.jar:na]
	at com.google.inject.internal.ProviderToInternalFactoryAdapter$1.call(ProviderToInternalFactoryAdapter.java:46) [com.google.inject_3.0.0.v201203062045.jar:na]
	at com.google.inject.internal.InjectorImpl.callInContext(InjectorImpl.java:1031) [com.google.inject_3.0.0.v201203062045.jar:na]
	at com.google.inject.internal.ProviderToInternalFactoryAdapter.get(ProviderToInternalFactoryAdapter.java:40) [com.google.inject_3.0.0.v201203062045.jar:na]
	at com.google.inject.Scopes$1$1.get(Scopes.java:65) [com.google.inject_3.0.0.v201203062045.jar:na]
	at com.google.inject.internal.InternalFactoryToProviderAdapter.get(InternalFactoryToProviderAdapter.java:40) [com.google.inject_3.0.0.v201203062045.jar:na]
	at com.google.inject.internal.InternalInjectorCreator$1.call(InternalInjectorCreator.java:204) [com.google.inject_3.0.0.v201203062045.jar:na]
	at com.google.inject.internal.InternalInjectorCreator$1.call(InternalInjectorCreator.java:198) [com.google.inject_3.0.0.v201203062045.jar:na]
	at com.google.inject.internal.InjectorImpl.callInContext(InjectorImpl.java:1024) [com.google.inject_3.0.0.v201203062045.jar:na]
	at com.google.inject.internal.InternalInjectorCreator.loadEagerSingletons(InternalInjectorCreator.java:198) [com.google.inject_3.0.0.v201203062045.jar:na]
	at com.google.inject.internal.InternalInjectorCreator.injectDynamically(InternalInjectorCreator.java:179) [com.google.inject_3.0.0.v201203062045.jar:na]
	at com.google.inject.internal.InternalInjectorCreator.build(InternalInjectorCreator.java:109) [com.google.inject_3.0.0.v201203062045.jar:na]
	at com.google.inject.Guice.createInjector(Guice.java:95) [com.google.inject_3.0.0.v201203062045.jar:na]
	at com.google.inject.Guice.createInjector(Guice.java:72) [com.google.inject_3.0.0.v201203062045.jar:na]
	at org.eclipse.recommenders.injection.InjectionService.getInjector(InjectionService.java:47) [org.eclipse.recommenders.injection_1.0.0.v20120914-1432-b175.jar:na]
	at org.eclipse.recommenders.injection.ExtensionFactory.<init>(ExtensionFactory.java:28) [org.eclipse.recommenders.injection_1.0.0.v20120914-1432-b175.jar:na]
	at sun.reflect.NativeConstructorAccessorImpl.newInstance0(Native Method) [na:1.7.0_09]
	at sun.reflect.NativeConstructorAccessorImpl.newInstance(NativeConstructorAccessorImpl.java:57) [na:1.7.0_09]
	at sun.reflect.DelegatingConstructorAccessorImpl.newInstance(DelegatingConstructorAccessorImpl.java:45) [na:1.7.0_09]
	at java.lang.reflect.Constructor.newInstance(Constructor.java:525) [na:1.7.0_09]
	at java.lang.Class.newInstance0(Class.java:372) [na:1.7.0_09]
	at java.lang.Class.newInstance(Class.java:325) [na:1.7.0_09]
	at org.eclipse.core.internal.registry.osgi.RegistryStrategyOSGI.createExecutableExtension(RegistryStrategyOSGI.java:184) [org.eclipse.equinox.registry_3.5.200.v20120522-1841.jar:na]
	at org.eclipse.core.internal.registry.ExtensionRegistry.createExecutableExtension(ExtensionRegistry.java:905) [org.eclipse.equinox.registry_3.5.200.v20120522-1841.jar:na]
	at org.eclipse.core.internal.registry.ConfigurationElement.createExecutableExtension(ConfigurationElement.java:243) [org.eclipse.equinox.registry_3.5.200.v20120522-1841.jar:na]
	at org.eclipse.core.internal.registry.ConfigurationElementHandle.createExecutableExtension(ConfigurationElementHandle.java:55) [org.eclipse.equinox.registry_3.5.200.v20120522-1841.jar:na]
	at org.eclipse.jdt.internal.ui.text.java.CompletionProposalComputerDescriptor.createComputer(CompletionProposalComputerDescriptor.java:308) [org.eclipse.jdt.ui_3.8.1.v20120814-144251.jar:na]
	at org.eclipse.jdt.internal.ui.text.java.CompletionProposalComputerDescriptor.getComputer(CompletionProposalComputerDescriptor.java:275) [org.eclipse.jdt.ui_3.8.1.v20120814-144251.jar:na]
	at org.eclipse.jdt.internal.ui.text.java.CompletionProposalComputerDescriptor.sessionStarted(CompletionProposalComputerDescriptor.java:418) [org.eclipse.jdt.ui_3.8.1.v20120814-144251.jar:na]
	at org.eclipse.jdt.internal.ui.text.java.CompletionProposalCategory.sessionStarted(CompletionProposalCategory.java:389) [org.eclipse.jdt.ui_3.8.1.v20120814-144251.jar:na]
	at org.eclipse.jdt.internal.ui.text.java.ContentAssistProcessor$CompletionListener.assistSessionStarted(ContentAssistProcessor.java:119) [org.eclipse.jdt.ui_3.8.1.v20120814-144251.jar:na]
	at org.eclipse.jface.text.contentassist.ContentAssistant.fireSessionBeginEvent(ContentAssistant.java:2221) [org.eclipse.jface.text_3.8.1.v20120828-155502.jar:na]
	at org.eclipse.jface.text.contentassist.ContentAssistant.prepareToShowCompletions(ContentAssistant.java:1696) [org.eclipse.jface.text_3.8.1.v20120828-155502.jar:na]
	at org.eclipse.jface.text.contentassist.ContentAssistant.showPossibleCompletions(ContentAssistant.java:1661) [org.eclipse.jface.text_3.8.1.v20120828-155502.jar:na]
	at org.eclipse.jdt.internal.ui.javaeditor.CompilationUnitEditor$AdaptedSourceViewer.doOperation(CompilationUnitEditor.java:183) [org.eclipse.jdt.ui_3.8.1.v20120814-144251.jar:na]
	at org.eclipse.ui.texteditor.ContentAssistAction$1.run(ContentAssistAction.java:82) [org.eclipse.ui.workbench.texteditor_3.8.0.v20120523-1310.jar:na]
	at org.eclipse.swt.custom.BusyIndicator.showWhile(BusyIndicator.java:70) [org.eclipse.swt.gtk.linux.x86_3.100.1.v4234e.jar:na]
	at org.eclipse.ui.texteditor.ContentAssistAction.run(ContentAssistAction.java:80) [org.eclipse.ui.workbench.texteditor_3.8.0.v20120523-1310.jar:na]
	at org.eclipse.ui.texteditor.RetargetTextEditorAction.run(RetargetTextEditorAction.java:237) [org.eclipse.ui.workbench.texteditor_3.8.0.v20120523-1310.jar:na]
	at org.eclipse.jface.action.Action.runWithEvent(Action.java:498) [org.eclipse.jface_3.8.101.v20120817-083647.jar:na]
	at org.eclipse.jface.commands.ActionHandler.execute(ActionHandler.java:119) [org.eclipse.jface_3.8.101.v20120817-083647.jar:na]
	at org.eclipse.ui.internal.handlers.E4HandlerProxy.execute(E4HandlerProxy.java:76) [org.eclipse.ui.workbench_3.103.1.v20120906-120042.jar:na]
	at sun.reflect.NativeMethodAccessorImpl.invoke0(Native Method) ~[na:1.7.0_09]
	at sun.reflect.NativeMethodAccessorImpl.invoke(NativeMethodAccessorImpl.java:57) ~[na:1.7.0_09]
	at sun.reflect.DelegatingMethodAccessorImpl.invoke(DelegatingMethodAccessorImpl.java:43) ~[na:1.7.0_09]
	at java.lang.reflect.Method.invoke(Method.java:601) ~[na:1.7.0_09]
	at org.eclipse.e4.core.internal.di.MethodRequestor.execute(MethodRequestor.java:56) [org.eclipse.e4.core.di_1.1.0.v20120627-124443.jar:na]
	at org.eclipse.e4.core.internal.di.InjectorImpl.invokeUsingClass(InjectorImpl.java:229) [org.eclipse.e4.core.di_1.1.0.v20120627-124443.jar:na]
	at org.eclipse.e4.core.internal.di.InjectorImpl.invoke(InjectorImpl.java:210) [org.eclipse.e4.core.di_1.1.0.v20120627-124443.jar:na]
	at org.eclipse.e4.core.contexts.ContextInjectionFactory.invoke(ContextInjectionFactory.java:131) [org.eclipse.e4.core.contexts_1.1.0.v20120828-170404.jar:na]
	at org.eclipse.e4.core.commands.internal.HandlerServiceImpl.executeHandler(HandlerServiceImpl.java:171) [org.eclipse.e4.core.commands_0.10.1.v20120523-1955.jar:na]
	at org.eclipse.e4.ui.bindings.keys.KeyBindingDispatcher.executeCommand(KeyBindingDispatcher.java:276) [org.eclipse.e4.ui.bindings_0.10.1.v20120716-173435.jar:na]
	at org.eclipse.e4.ui.bindings.keys.KeyBindingDispatcher.press(KeyBindingDispatcher.java:494) [org.eclipse.e4.ui.bindings_0.10.1.v20120716-173435.jar:na]
	at org.eclipse.e4.ui.bindings.keys.KeyBindingDispatcher.processKeyEvent(KeyBindingDispatcher.java:545) [org.eclipse.e4.ui.bindings_0.10.1.v20120716-173435.jar:na]
	at org.eclipse.e4.ui.bindings.keys.KeyBindingDispatcher.filterKeySequenceBindings(KeyBindingDispatcher.java:366) [org.eclipse.e4.ui.bindings_0.10.1.v20120716-173435.jar:na]
	at org.eclipse.e4.ui.bindings.keys.KeyBindingDispatcher.access$0(KeyBindingDispatcher.java:313) [org.eclipse.e4.ui.bindings_0.10.1.v20120716-173435.jar:na]
	at org.eclipse.e4.ui.bindings.keys.KeyBindingDispatcher$KeyDownFilter.handleEvent(KeyBindingDispatcher.java:82) [org.eclipse.e4.ui.bindings_0.10.1.v20120716-173435.jar:na]
	at org.eclipse.swt.widgets.EventTable.sendEvent(EventTable.java:84) [org.eclipse.swt.gtk.linux.x86_3.100.1.v4234e.jar:na]
	at org.eclipse.swt.widgets.Display.filterEvent(Display.java:1483) [org.eclipse.swt.gtk.linux.x86_3.100.1.v4234e.jar:na]
	at org.eclipse.swt.widgets.Widget.sendEvent(Widget.java:1275) [org.eclipse.swt.gtk.linux.x86_3.100.1.v4234e.jar:na]
	at org.eclipse.swt.widgets.Widget.sendEvent(Widget.java:1300) [org.eclipse.swt.gtk.linux.x86_3.100.1.v4234e.jar:na]
	at org.eclipse.swt.widgets.Widget.sendEvent(Widget.java:1285) [org.eclipse.swt.gtk.linux.x86_3.100.1.v4234e.jar:na]
	at org.eclipse.swt.widgets.Widget.sendKeyEvent(Widget.java:1312) [org.eclipse.swt.gtk.linux.x86_3.100.1.v4234e.jar:na]
	at org.eclipse.swt.widgets.Widget.gtk_key_press_event(Widget.java:748) [org.eclipse.swt.gtk.linux.x86_3.100.1.v4234e.jar:na]
	at org.eclipse.swt.widgets.Control.gtk_key_press_event(Control.java:3050) [org.eclipse.swt.gtk.linux.x86_3.100.1.v4234e.jar:na]
	at org.eclipse.swt.widgets.Composite.gtk_key_press_event(Composite.java:741) [org.eclipse.swt.gtk.linux.x86_3.100.1.v4234e.jar:na]
	at org.eclipse.swt.widgets.Widget.windowProc(Widget.java:1758) [org.eclipse.swt.gtk.linux.x86_3.100.1.v4234e.jar:na]
	at org.eclipse.swt.widgets.Control.windowProc(Control.java:5116) [org.eclipse.swt.gtk.linux.x86_3.100.1.v4234e.jar:na]
	at org.eclipse.swt.widgets.Display.windowProc(Display.java:4369) [org.eclipse.swt.gtk.linux.x86_3.100.1.v4234e.jar:na]
	at org.eclipse.swt.internal.gtk.OS._gtk_main_do_event(Native Method) [org.eclipse.swt.gtk.linux.x86_3.100.1.v4234e.jar:na]
	at org.eclipse.swt.internal.gtk.OS.gtk_main_do_event(OS.java:8307) [org.eclipse.swt.gtk.linux.x86_3.100.1.v4234e.jar:na]
	at org.eclipse.swt.widgets.Display.eventProc(Display.java:1192) [org.eclipse.swt.gtk.linux.x86_3.100.1.v4234e.jar:na]
	at org.eclipse.swt.internal.gtk.OS._g_main_context_iteration(Native Method) [org.eclipse.swt.gtk.linux.x86_3.100.1.v4234e.jar:na]
	at org.eclipse.swt.internal.gtk.OS.g_main_context_iteration(OS.java:2332) [org.eclipse.swt.gtk.linux.x86_3.100.1.v4234e.jar:na]
	at org.eclipse.swt.widgets.Display.readAndDispatch(Display.java:3177) [org.eclipse.swt.gtk.linux.x86_3.100.1.v4234e.jar:na]
	at org.eclipse.e4.ui.internal.workbench.swt.PartRenderingEngine$9.run(PartRenderingEngine.java:1029) [org.eclipse.e4.ui.workbench.swt_0.10.2.v20120802-184737.jar:na]
	at org.eclipse.core.databinding.observable.Realm.runWithDefault(Realm.java:332) [org.eclipse.core.databinding.observable_1.4.1.v20120521-2329.jar:na]
	at org.eclipse.e4.ui.internal.workbench.swt.PartRenderingEngine.run(PartRenderingEngine.java:923) [org.eclipse.e4.ui.workbench.swt_0.10.2.v20120802-184737.jar:na]
	at org.eclipse.e4.ui.internal.workbench.E4Workbench.createAndRunUI(E4Workbench.java:86) [org.eclipse.e4.ui.workbench_0.10.3.v20120822-140642.jar:na]
	at org.eclipse.ui.internal.Workbench$5.run(Workbench.java:588) [org.eclipse.ui.workbench_3.103.1.v20120906-120042.jar:na]
	at org.eclipse.core.databinding.observable.Realm.runWithDefault(Realm.java:332) [org.eclipse.core.databinding.observable_1.4.1.v20120521-2329.jar:na]
	at org.eclipse.ui.internal.Workbench.createAndRunWorkbench(Workbench.java:543) [org.eclipse.ui.workbench_3.103.1.v20120906-120042.jar:na]
	at org.eclipse.ui.PlatformUI.createAndRunWorkbench(PlatformUI.java:149) [org.eclipse.ui.workbench_3.103.1.v20120906-120042.jar:na]
	at org.eclipse.ui.internal.ide.application.IDEApplication.start(IDEApplication.java:124) [org.eclipse.ui.ide.application_1.0.400.v20120523-1955.jar:na]
	at org.eclipse.equinox.internal.app.EclipseAppHandle.run(EclipseAppHandle.java:196) [org.eclipse.equinox.app_1.3.100.v20120522-1841.jar:na]
	at org.eclipse.core.runtime.internal.adaptor.EclipseAppLauncher.runApplication(EclipseAppLauncher.java:110) [org.eclipse.osgi_3.8.1.v20120830-144521.jar:na]
	at org.eclipse.core.runtime.internal.adaptor.EclipseAppLauncher.start(EclipseAppLauncher.java:79) [org.eclipse.osgi_3.8.1.v20120830-144521.jar:na]
	at org.eclipse.core.runtime.adaptor.EclipseStarter.run(EclipseStarter.java:353) [org.eclipse.osgi_3.8.1.v20120830-144521.jar:na]
	at org.eclipse.core.runtime.adaptor.EclipseStarter.run(EclipseStarter.java:180) [org.eclipse.osgi_3.8.1.v20120830-144521.jar:na]
	at sun.reflect.NativeMethodAccessorImpl.invoke0(Native Method) ~[na:1.7.0_09]
	at sun.reflect.NativeMethodAccessorImpl.invoke(NativeMethodAccessorImpl.java:57) ~[na:1.7.0_09]
	at sun.reflect.DelegatingMethodAccessorImpl.invoke(DelegatingMethodAccessorImpl.java:43) ~[na:1.7.0_09]
	at java.lang.reflect.Method.invoke(Method.java:601) ~[na:1.7.0_09]
	at org.eclipse.equinox.launcher.Main.invokeFramework(Main.java:629) [org.eclipse.equinox.launcher_1.3.0.v20120522-1813.jar:na]
	at org.eclipse.equinox.launcher.Main.basicRun(Main.java:584) [org.eclipse.equinox.launcher_1.3.0.v20120522-1813.jar:na]
	at org.eclipse.equinox.launcher.Main.run(Main.java:1438) [org.eclipse.equinox.launcher_1.3.0.v20120522-1813.jar:na]
2013-03-10 19:29:31,574 [pool-8-thread-1] INFO  c.n.h.c.p.n.NettyAsyncHttpProvider - Number of application's worked threads is 2
2013-03-11 00:14:45,690 [main] INFO  c.n.h.c.p.n.NettyAsyncHttpProvider - Number of application's worked threads is 2
2013-03-11 00:15:05,766 [pool-7-thread-1] INFO  c.n.h.c.p.n.NettyAsyncHttpProvider - Number of application's worked threads is 2
2013-03-11 00:15:06,920 [pool-9-thread-1] INFO  c.n.h.c.p.n.NettyAsyncHttpProvider - Number of application's worked threads is 2
2013-03-11 00:15:08,542 [pool-11-thread-1] INFO  c.n.h.c.p.n.NettyAsyncHttpProvider - Number of application's worked threads is 2
2013-03-11 09:00:10,660 [main] INFO  c.n.h.c.p.n.NettyAsyncHttpProvider - Number of application's worked threads is 2
2013-03-11 09:01:38,711 [pool-6-thread-1] INFO  c.n.h.c.p.n.NettyAsyncHttpProvider - Number of application's worked threads is 2
2013-03-11 09:01:40,115 [pool-8-thread-1] INFO  c.n.h.c.p.n.NettyAsyncHttpProvider - Number of application's worked threads is 2
2013-03-11 09:01:40,806 [Worker-9] WARN  o.e.r.i.rcp.repo.ModelRepository - 'remote-models (http://download.eclipse.org/recommenders/models/juno/, releases+snapshots)' did not send ETAG header for 'javax.servlet:javax.servlet:pom:3.0.0'.
2013-03-11 09:01:40,871 [pool-10-thread-1] INFO  c.n.h.c.p.n.NettyAsyncHttpProvider - Number of application's worked threads is 2
2013-03-11 17:54:53,095 [main] INFO  c.n.h.c.p.n.NettyAsyncHttpProvider - Number of application's worked threads is 2
